Arguments: 
  /usr/bin/node /home/vagrant/.yarn/bin/yarn.js add @babel/core --dev

PATH: 
  /home/vagrant/.composer/vendor/bin:/usr/local/go/bin:/home/vagrant/.yarn/bin:/home/vagrant/.config/yarn/global/node_modules/.bin:/home/vagrant/.rbenv/plugins/ruby-build/bin:/home/vagrant/.rbenv/shims:/home/vagrant/.rbenv/bin:/usr/local/sbin:/usr/local/bin:/usr/sbin:/usr/bin:/sbin:/bin:/usr/games:/usr/local/games:/snap/bin:/home/vagrant/.dotnet/tools

Yarn version: 
  1.19.0

Node version: 
  8.16.1

Platform: 
  linux x64

Trace: 
  Error: EIO: i/o error, symlink '../../../parser/bin/babel-parser.js' -> '/home/vagrant/laravel/firstsite/node_modules/@babel/core/node_modules/.bin/parser'

npm manifest: 
  {
    "name": "firstsite",
    "version": "1.0.0",
    "main": "index.js",
    "repository": "https://github.com/simolex/js_test.git",
    "author": "simolex",
    "license": "MIT"
  }

yarn manifest: 
  No manifest

Lockfile: 
  # THIS IS AN AUTOGENERATED FILE. DO NOT EDIT THIS FILE DIRECTLY.
  # yarn lockfile v1
